{"@timestamp":"2023-10-17T20:13:01.031+07:00","@version":"1","message":"Starting ChatApplication using Java 14.0.2 on TriMai with PID 22576 (D:\\doan\\basebe\\target\\classes started by maiva in D:\\doan\\basebe)","logger_name":"com.example.chatapplication.ChatApplication","thread_name":"main","level":"INFO","level_value":20000}
{"@timestamp":"2023-10-17T20:13:01.049+07:00","@version":"1","message":"No active profile set, falling back to 1 default profile: \"default\"","logger_name":"com.example.chatapplication.ChatApplication","thread_name":"main","level":"INFO","level_value":20000}
{"@timestamp":"2023-10-17T20:13:02.012+07:00","@version":"1","message":"Bootstrapping Spring Data JPA repositories in DEFAULT mode.","logger_name":"org.springframework.data.repository.config.RepositoryConfigurationDelegate","thread_name":"main","level":"INFO","level_value":20000}
{"@timestamp":"2023-10-17T20:13:02.114+07:00","@version":"1","message":"Finished Spring Data repository scanning in 95 ms. Found 8 JPA repository interfaces.","logger_name":"org.springframework.data.repository.config.RepositoryConfigurationDelegate","thread_name":"main","level":"INFO","level_value":20000}
{"@timestamp":"2023-10-17T20:13:02.671+07:00","@version":"1","message":"Tomcat initialized with port(s): 8085 (http)","logger_name":"org.springframework.boot.web.embedded.tomcat.TomcatWebServer","thread_name":"main","level":"INFO","level_value":20000}
{"@timestamp":"2023-10-17T20:13:02.68+07:00","@version":"1","message":"Initializing ProtocolHandler [\"http-nio-8085\"]","logger_name":"org.apache.coyote.http11.Http11NioProtocol","thread_name":"main","level":"INFO","level_value":20000}
{"@timestamp":"2023-10-17T20:13:02.681+07:00","@version":"1","message":"Starting service [Tomcat]","logger_name":"org.apache.catalina.core.StandardService","thread_name":"main","level":"INFO","level_value":20000}
{"@timestamp":"2023-10-17T20:13:02.681+07:00","@version":"1","message":"Starting Servlet engine: [Apache Tomcat/9.0.68]","logger_name":"org.apache.catalina.core.StandardEngine","thread_name":"main","level":"INFO","level_value":20000}
{"@timestamp":"2023-10-17T20:13:02.864+07:00","@version":"1","message":"Initializing Spring embedded WebApplicationContext","logger_name":"org.apache.catalina.core.ContainerBase.[Tomcat].[localhost].[/]","thread_name":"main","level":"INFO","level_value":20000}
{"@timestamp":"2023-10-17T20:13:02.864+07:00","@version":"1","message":"Root WebApplicationContext: initialization completed in 1765 ms","logger_name":"org.springframework.boot.web.servlet.context.ServletWebServerApplicationContext","thread_name":"main","level":"INFO","level_value":20000}
{"@timestamp":"2023-10-17T20:13:03.142+07:00","@version":"1","message":"spring.jpa.open-in-view is enabled by default. Therefore, database queries may be performed during view rendering. Explicitly configure spring.jpa.open-in-view to disable this warning","logger_name":"org.springframework.boot.autoconfigure.orm.jpa.JpaBaseConfiguration$JpaWebConfiguration","thread_name":"main","level":"WARN","level_value":30000}
{"@timestamp":"2023-10-17T20:13:03.274+07:00","@version":"1","message":"HHH000204: Processing PersistenceUnitInfo [name: default]","logger_name":"org.hibernate.jpa.internal.util.LogHelper","thread_name":"main","level":"INFO","level_value":20000}
{"@timestamp":"2023-10-17T20:13:03.353+07:00","@version":"1","message":"HHH000412: Hibernate ORM core version 5.6.12.Final","logger_name":"org.hibernate.Version","thread_name":"main","level":"INFO","level_value":20000}
{"@timestamp":"2023-10-17T20:13:03.508+07:00","@version":"1","message":"HCANN000001: Hibernate Commons Annotations {5.1.2.Final}","logger_name":"org.hibernate.annotations.common.Version","thread_name":"main","level":"INFO","level_value":20000}
{"@timestamp":"2023-10-17T20:13:03.603+07:00","@version":"1","message":"HikariPool-1 - Starting...","logger_name":"com.zaxxer.hikari.HikariDataSource","thread_name":"main","level":"INFO","level_value":20000}
{"@timestamp":"2023-10-17T20:13:04.186+07:00","@version":"1","message":"HikariPool-1 - Start completed.","logger_name":"com.zaxxer.hikari.HikariDataSource","thread_name":"main","level":"INFO","level_value":20000}
{"@timestamp":"2023-10-17T20:13:04.205+07:00","@version":"1","message":"HHH000400: Using dialect: org.hibernate.dialect.MariaDB103Dialect","logger_name":"org.hibernate.dialect.Dialect","thread_name":"main","level":"INFO","level_value":20000}
{"@timestamp":"2023-10-17T20:13:05.008+07:00","@version":"1","message":"HHH000490: Using JtaPlatform implementation: [org.hibernate.engine.transaction.jta.platform.internal.NoJtaPlatform]","logger_name":"org.hibernate.engine.transaction.jta.platform.internal.JtaPlatformInitiator","thread_name":"main","level":"INFO","level_value":20000}
{"@timestamp":"2023-10-17T20:13:05.015+07:00","@version":"1","message":"Initialized JPA EntityManagerFactory for persistence unit 'default'","logger_name":"org.springframework.orm.jpa.LocalContainerEntityManagerFactoryBean","thread_name":"main","level":"INFO","level_value":20000}
{"@timestamp":"2023-10-17T20:13:06.219+07:00","@version":"1","message":"Verifi Qr","logger_name":"com.example.chatapplication.socket.module.QRModule","thread_name":"main","level":"INFO","level_value":20000}
{"@timestamp":"2023-10-17T20:13:06.366+07:00","@version":"1","message":"Will secure any request with [org.springframework.security.web.session.DisableEncodeUrlFilter@59cbeaee, org.springframework.security.web.context.request.async.WebAsyncManagerIntegrationFilter@3299ee2c, org.springframework.security.web.context.SecurityContextPersistenceFilter@7510824, org.springframework.security.web.header.HeaderWriterFilter@a703934, org.springframework.security.web.authentication.logout.LogoutFilter@4c364a9d, com.example.chatapplication.config.jwt.JwtRequestFilter@4a778943, org.springframework.security.web.savedrequest.RequestCacheAwareFilter@766ab25b, org.springframework.security.web.servletapi.SecurityContextHolderAwareRequestFilter@eb5471c, org.springframework.security.web.authentication.AnonymousAuthenticationFilter@542759f, org.springframework.security.web.session.SessionManagementFilter@4be6531a, org.springframework.security.web.access.ExceptionTranslationFilter@28592982, org.springframework.security.web.access.intercept.FilterSecurityInterceptor@5529fd4e]","logger_name":"org.springframework.security.web.DefaultSecurityFilterChain","thread_name":"main","level":"INFO","level_value":20000}
{"@timestamp":"2023-10-17T20:13:06.516+07:00","@version":"1","message":"ControllerAdvice beans: 0 @ModelAttribute, 0 @InitBinder, 1 RequestBodyAdvice, 1 ResponseBodyAdvice","logger_name":"org.springframework.web.servlet.mvc.method.annotation.RequestMappingHandlerAdapter","thread_name":"main","level":"DEBUG","level_value":10000}
{"@timestamp":"2023-10-17T20:13:06.592+07:00","@version":"1","message":"22 mappings in 'requestMappingHandlerMapping'","logger_name":"org.springframework.web.servlet.mvc.method.annotation.RequestMappingHandlerMapping","thread_name":"main","level":"DEBUG","level_value":10000}
{"@timestamp":"2023-10-17T20:13:07.158+07:00","@version":"1","message":"Patterns [/webjars/**, /**, /swagger-ui*/**] in 'resourceHandlerMapping'","logger_name":"org.springframework.web.servlet.handler.SimpleUrlHandlerMapping","thread_name":"main","level":"DEBUG","level_value":10000}
{"@timestamp":"2023-10-17T20:13:07.167+07:00","@version":"1","message":"ControllerAdvice beans: 1 @ExceptionHandler, 1 ResponseBodyAdvice","logger_name":"org.springframework.web.servlet.mvc.method.annotation.ExceptionHandlerExceptionResolver","thread_name":"main","level":"DEBUG","level_value":10000}
{"@timestamp":"2023-10-17T20:13:07.348+07:00","@version":"1","message":"Starting ProtocolHandler [\"http-nio-8085\"]","logger_name":"org.apache.coyote.http11.Http11NioProtocol","thread_name":"main","level":"INFO","level_value":20000}
{"@timestamp":"2023-10-17T20:13:07.367+07:00","@version":"1","message":"Tomcat started on port(s): 8085 (http) with context path ''","logger_name":"org.springframework.boot.web.embedded.tomcat.TomcatWebServer","thread_name":"main","level":"INFO","level_value":20000}
{"@timestamp":"2023-10-17T20:13:07.381+07:00","@version":"1","message":"Started ChatApplication in 7.021 seconds (JVM running for 7.937)","logger_name":"com.example.chatapplication.ChatApplication","thread_name":"main","level":"INFO","level_value":20000}
{"@timestamp":"2023-10-17T20:13:07.384+07:00","@version":"1","message":"Session store / pubsub factory used: MemoryStoreFactory (local session store only)","logger_name":"com.corundumstudio.socketio.SocketIOServer","thread_name":"main","level":"INFO","level_value":20000}
{"@timestamp":"2023-10-17T20:13:07.627+07:00","@version":"1","message":"SocketIO server started at port: 9090","logger_name":"com.corundumstudio.socketio.SocketIOServer","thread_name":"nioEventLoopGroup-2-1","level":"INFO","level_value":20000}
{"@timestamp":"2023-10-17T20:16:45.149+07:00","@version":"1","message":"Starting ChatApplication using Java 14.0.2 on TriMai with PID 1280 (D:\\doan\\basebe\\target\\classes started by maiva in D:\\doan\\basebe)","logger_name":"com.example.chatapplication.ChatApplication","thread_name":"main","level":"INFO","level_value":20000}
{"@timestamp":"2023-10-17T20:16:45.16+07:00","@version":"1","message":"No active profile set, falling back to 1 default profile: \"default\"","logger_name":"com.example.chatapplication.ChatApplication","thread_name":"main","level":"INFO","level_value":20000}
{"@timestamp":"2023-10-17T20:16:45.906+07:00","@version":"1","message":"Bootstrapping Spring Data JPA repositories in DEFAULT mode.","logger_name":"org.springframework.data.repository.config.RepositoryConfigurationDelegate","thread_name":"main","level":"INFO","level_value":20000}
{"@timestamp":"2023-10-17T20:16:46+07:00","@version":"1","message":"Finished Spring Data repository scanning in 88 ms. Found 8 JPA repository interfaces.","logger_name":"org.springframework.data.repository.config.RepositoryConfigurationDelegate","thread_name":"main","level":"INFO","level_value":20000}
{"@timestamp":"2023-10-17T20:16:46.465+07:00","@version":"1","message":"Tomcat initialized with port(s): 8085 (http)","logger_name":"org.springframework.boot.web.embedded.tomcat.TomcatWebServer","thread_name":"main","level":"INFO","level_value":20000}
{"@timestamp":"2023-10-17T20:16:46.472+07:00","@version":"1","message":"Initializing ProtocolHandler [\"http-nio-8085\"]","logger_name":"org.apache.coyote.http11.Http11NioProtocol","thread_name":"main","level":"INFO","level_value":20000}
{"@timestamp":"2023-10-17T20:16:46.472+07:00","@version":"1","message":"Starting service [Tomcat]","logger_name":"org.apache.catalina.core.StandardService","thread_name":"main","level":"INFO","level_value":20000}
{"@timestamp":"2023-10-17T20:16:46.473+07:00","@version":"1","message":"Starting Servlet engine: [Apache Tomcat/9.0.68]","logger_name":"org.apache.catalina.core.StandardEngine","thread_name":"main","level":"INFO","level_value":20000}
{"@timestamp":"2023-10-17T20:16:46.643+07:00","@version":"1","message":"Initializing Spring embedded WebApplicationContext","logger_name":"org.apache.catalina.core.ContainerBase.[Tomcat].[localhost].[/]","thread_name":"main","level":"INFO","level_value":20000}
{"@timestamp":"2023-10-17T20:16:46.643+07:00","@version":"1","message":"Root WebApplicationContext: initialization completed in 1441 ms","logger_name":"org.springframework.boot.web.servlet.context.ServletWebServerApplicationContext","thread_name":"main","level":"INFO","level_value":20000}
{"@timestamp":"2023-10-17T20:16:46.861+07:00","@version":"1","message":"spring.jpa.open-in-view is enabled by default. Therefore, database queries may be performed during view rendering. Explicitly configure spring.jpa.open-in-view to disable this warning","logger_name":"org.springframework.boot.autoconfigure.orm.jpa.JpaBaseConfiguration$JpaWebConfiguration","thread_name":"main","level":"WARN","level_value":30000}
{"@timestamp":"2023-10-17T20:16:46.985+07:00","@version":"1","message":"HHH000204: Processing PersistenceUnitInfo [name: default]","logger_name":"org.hibernate.jpa.internal.util.LogHelper","thread_name":"main","level":"INFO","level_value":20000}
{"@timestamp":"2023-10-17T20:16:47.025+07:00","@version":"1","message":"HHH000412: Hibernate ORM core version 5.6.12.Final","logger_name":"org.hibernate.Version","thread_name":"main","level":"INFO","level_value":20000}
{"@timestamp":"2023-10-17T20:16:47.147+07:00","@version":"1","message":"HCANN000001: Hibernate Commons Annotations {5.1.2.Final}","logger_name":"org.hibernate.annotations.common.Version","thread_name":"main","level":"INFO","level_value":20000}
{"@timestamp":"2023-10-17T20:16:47.224+07:00","@version":"1","message":"HikariPool-1 - Starting...","logger_name":"com.zaxxer.hikari.HikariDataSource","thread_name":"main","level":"INFO","level_value":20000}
{"@timestamp":"2023-10-17T20:16:47.516+07:00","@version":"1","message":"HikariPool-1 - Start completed.","logger_name":"com.zaxxer.hikari.HikariDataSource","thread_name":"main","level":"INFO","level_value":20000}
{"@timestamp":"2023-10-17T20:16:47.529+07:00","@version":"1","message":"HHH000400: Using dialect: org.hibernate.dialect.MariaDB103Dialect","logger_name":"org.hibernate.dialect.Dialect","thread_name":"main","level":"INFO","level_value":20000}
{"@timestamp":"2023-10-17T20:16:48.281+07:00","@version":"1","message":"HHH000490: Using JtaPlatform implementation: [org.hibernate.engine.transaction.jta.platform.internal.NoJtaPlatform]","logger_name":"org.hibernate.engine.transaction.jta.platform.internal.JtaPlatformInitiator","thread_name":"main","level":"INFO","level_value":20000}
{"@timestamp":"2023-10-17T20:16:48.289+07:00","@version":"1","message":"Initialized JPA EntityManagerFactory for persistence unit 'default'","logger_name":"org.springframework.orm.jpa.LocalContainerEntityManagerFactoryBean","thread_name":"main","level":"INFO","level_value":20000}
{"@timestamp":"2023-10-17T20:16:49.31+07:00","@version":"1","message":"Verifi Qr","logger_name":"com.example.chatapplication.socket.module.QRModule","thread_name":"main","level":"INFO","level_value":20000}
{"@timestamp":"2023-10-17T20:16:49.449+07:00","@version":"1","message":"Will secure any request with [org.springframework.security.web.session.DisableEncodeUrlFilter@470fc16c, org.springframework.security.web.context.request.async.WebAsyncManagerIntegrationFilter@6d0cc47d, org.springframework.security.web.context.SecurityContextPersistenceFilter@5e572ad6, org.springframework.security.web.header.HeaderWriterFilter@1f9a5d3b, org.springframework.security.web.authentication.logout.LogoutFilter@a642c54, com.example.chatapplication.config.jwt.JwtRequestFilter@ab3b54, org.springframework.security.web.savedrequest.RequestCacheAwareFilter@69c53b72, org.springframework.security.web.servletapi.SecurityContextHolderAwareRequestFilter@6df605f, org.springframework.security.web.authentication.AnonymousAuthenticationFilter@56dae6, org.springframework.security.web.session.SessionManagementFilter@756b703d, org.springframework.security.web.access.ExceptionTranslationFilter@2726b2f3, org.springframework.security.web.access.intercept.FilterSecurityInterceptor@5c168f98]","logger_name":"org.springframework.security.web.DefaultSecurityFilterChain","thread_name":"main","level":"INFO","level_value":20000}
{"@timestamp":"2023-10-17T20:16:49.584+07:00","@version":"1","message":"ControllerAdvice beans: 0 @ModelAttribute, 0 @InitBinder, 1 RequestBodyAdvice, 1 ResponseBodyAdvice","logger_name":"org.springframework.web.servlet.mvc.method.annotation.RequestMappingHandlerAdapter","thread_name":"main","level":"DEBUG","level_value":10000}
{"@timestamp":"2023-10-17T20:16:49.663+07:00","@version":"1","message":"22 mappings in 'requestMappingHandlerMapping'","logger_name":"org.springframework.web.servlet.mvc.method.annotation.RequestMappingHandlerMapping","thread_name":"main","level":"DEBUG","level_value":10000}
{"@timestamp":"2023-10-17T20:16:50.222+07:00","@version":"1","message":"Patterns [/webjars/**, /**, /swagger-ui*/**] in 'resourceHandlerMapping'","logger_name":"org.springframework.web.servlet.handler.SimpleUrlHandlerMapping","thread_name":"main","level":"DEBUG","level_value":10000}
{"@timestamp":"2023-10-17T20:16:50.231+07:00","@version":"1","message":"ControllerAdvice beans: 1 @ExceptionHandler, 1 ResponseBodyAdvice","logger_name":"org.springframework.web.servlet.mvc.method.annotation.ExceptionHandlerExceptionResolver","thread_name":"main","level":"DEBUG","level_value":10000}
{"@timestamp":"2023-10-17T20:16:50.39+07:00","@version":"1","message":"Starting ProtocolHandler [\"http-nio-8085\"]","logger_name":"org.apache.coyote.http11.Http11NioProtocol","thread_name":"main","level":"INFO","level_value":20000}
{"@timestamp":"2023-10-17T20:16:50.409+07:00","@version":"1","message":"Tomcat started on port(s): 8085 (http) with context path ''","logger_name":"org.springframework.boot.web.embedded.tomcat.TomcatWebServer","thread_name":"main","level":"INFO","level_value":20000}
{"@timestamp":"2023-10-17T20:16:50.421+07:00","@version":"1","message":"Started ChatApplication in 5.852 seconds (JVM running for 6.687)","logger_name":"com.example.chatapplication.ChatApplication","thread_name":"main","level":"INFO","level_value":20000}
{"@timestamp":"2023-10-17T20:16:50.422+07:00","@version":"1","message":"Session store / pubsub factory used: MemoryStoreFactory (local session store only)","logger_name":"com.corundumstudio.socketio.SocketIOServer","thread_name":"main","level":"INFO","level_value":20000}
{"@timestamp":"2023-10-17T20:16:50.628+07:00","@version":"1","message":"SocketIO server started at port: 9090","logger_name":"com.corundumstudio.socketio.SocketIOServer","thread_name":"nioEventLoopGroup-2-1","level":"INFO","level_value":20000}
{"@timestamp":"2023-10-17T20:17:12.04+07:00","@version":"1","message":"Closing JPA EntityManagerFactory for persistence unit 'default'","logger_name":"org.springframework.orm.jpa.LocalContainerEntityManagerFactoryBean","thread_name":"SpringApplicationShutdownHook","level":"INFO","level_value":20000}
{"@timestamp":"2023-10-17T20:17:12.042+07:00","@version":"1","message":"HikariPool-1 - Shutdown initiated...","logger_name":"com.zaxxer.hikari.HikariDataSource","thread_name":"SpringApplicationShutdownHook","level":"INFO","level_value":20000}
{"@timestamp":"2023-10-17T20:17:12.052+07:00","@version":"1","message":"HikariPool-1 - Shutdown completed.","logger_name":"com.zaxxer.hikari.HikariDataSource","thread_name":"SpringApplicationShutdownHook","level":"INFO","level_value":20000}
